[    0.000000] Initializing cgroup subsys cpuset
[    0.000000] Initializing cgroup subsys cpu
[    0.000000] Initializing cgroup subsys cpuacct
[    0.000000] Linux version 4.4.0-78-generic (buildd@lgw01-39) (gcc version 5.4.0 20160609 (Ubuntu 5.4.0-6ubuntu1~16.04.4) ) #99-Ubuntu SMP Thu Apr 27 15:28:22 UTC 2017 (Ubuntu 4.4.0-78.99-generic 4.4.62)
[    0.000000] KERNEL supported cpus:
[    0.000000]   Intel GenuineIntel
[    0.000000]   AMD AuthenticAMD
[    0.000000]   NSC Geode by NSC
[    0.000000]   Cyrix CyrixInstead
[    0.000000]   Centaur CentaurHauls
[    0.000000]   Transmeta GenuineTMx86
[    0.000000]   Transmeta TransmetaCPU
[    0.000000]   UMC UMC UMC UMC
[    0.000000] ------------[ cut here ]------------
[    0.000000] WARNING: CPU: 0 PID: 0 at /build/linux-gdUUdb/linux-4.4.0/arch/x86/kernel/fpu/xstate.c:517 fpu__init_system_xstate+0x34a/0x6e8()
[    0.000000] XSAVE consistency problem, dumping leaves
[    0.000000] Modules linked in:
[    0.000000] CPU: 0 PID: 0 Comm: swapper Not tainted 4.4.0-78-generic #99-Ubuntu
[    0.000000]  c1ae5967 4e24e71c 00200086 c1adfe98 c13acebf c1adfed8 c19c738c c1adfec8
[    0.000000]  c1070337 c19c7520 c1adfef8 00000000 c19c738c 00000205 c1bad0ef c1bad0ef
[    0.000000]  00000008 00000340 c1adff14 c1adfee4 c10703ae 00000009 c1adfed8 c19c7520
[    0.000000] Call Trace:
[    0.000000]  [<c13acebf>] dump_stack+0x58/0x79
[    0.000000]  [<c1070337>] warn_slowpath_common+0x87/0xc0
[    0.000000]  [<c1bad0ef>] ? fpu__init_system_xstate+0x34a/0x6e8
[    0.000000]  [<c1bad0ef>] ? fpu__init_system_xstate+0x34a/0x6e8
[    0.000000]  [<c10703ae>] warn_slowpath_fmt+0x3e/0x60
[    0.000000]  [<c1bad0ef>] fpu__init_system_xstate+0x34a/0x6e8
[    0.000000]  [<c1bacad1>] fpu__init_system+0x11e/0x24d
[    0.000000]  [<c103be11>] ? early_init_intel+0xc1/0x330
[    0.000000]  [<c1badb2b>] early_cpu_init+0x14e/0x156
[    0.000000]  [<c1badb2b>] ? early_cpu_init+0x14e/0x156
[    0.000000]  [<c1ba9156>] setup_arch+0xfb/0xd14
[    0.000000]  [<c1b9f894>] start_kernel+0xc2/0x407
[    0.000000]  [<c1b9f2ff>] i386_start_kernel+0x9a/0x9e
[    0.000000] ---[ end trace 4d5ff9f2f68c4233 ]---
[    0.000000] CPUID[0d, 00]: eax=00000007 ebx=00000440 ecx=00000440 edx=00000000
[    0.000000] CPUID[0d, 01]: eax=00000000 ebx=000003c0 ecx=00000000 edx=00000000
[    0.000000] CPUID[0d, 02]: eax=00000100 ebx=00000240 ecx=00000000 edx=00000000
[    0.000000] CPUID[0d, 03]: eax=00000000 ebx=00000000 ecx=00000000 edx=00000000
[    0.000000] CPUID[0d, 04]: eax=00000000 ebx=00000000 ecx=00000000 edx=00000000
[    0.000000] CPUID[0d, 05]: eax=00000000 ebx=00000000 ecx=00000000 edx=00000000
[    0.000000] CPUID[0d, 06]: eax=00000000 ebx=00000000 ecx=00000000 edx=00000000
[    0.000000] CPUID[0d, 07]: eax=00000000 ebx=00000000 ecx=00000000 edx=00000000
[    0.000000] CPUID[0d, 08]: eax=00000000 ebx=00000000 ecx=00000000 edx=00000000
[    0.000000] CPUID[0d, 09]: eax=00000000 ebx=00000000 ecx=00000000 edx=00000000
[    0.000000] CPUID[0d, 0a]: eax=00000000 ebx=00000000 ecx=00000000 edx=00000000
[    0.000000] CPUID[0d, 0b]: eax=00000000 ebx=00000000 ecx=00000000 edx=00000000
[    0.000000] CPUID[0d, 0c]: eax=00000000 ebx=00000000 ecx=00000000 edx=00000000
[    0.000000] CPUID[0d, 0d]: eax=00000000 ebx=00000000 ecx=00000000 edx=00000000
[    0.000000] CPUID[0d, 0e]: eax=00000000 ebx=00000000 ecx=00000000 edx=00000000
[    0.000000] CPUID[0d, 0f]: eax=00000000 ebx=00000000 ecx=00000000 edx=00000000
[    0.000000] CPUID[0d, 10]: eax=00000000 ebx=00000000 ecx=00000000 edx=00000000
[    0.000000] CPUID[0d, 11]: eax=00000000 ebx=00000000 ecx=00000000 edx=00000000
[    0.000000] x86/fpu: xstate_offset[2]:  576, xstate_sizes[2]:  256
[    0.000000] x86/fpu: Supporting XSAVE feature 0x01: 'x87 floating point registers'
[    0.000000] x86/fpu: Supporting XSAVE feature 0x02: 'SSE registers'
[    0.000000] x86/fpu: Supporting XSAVE feature 0x04: 'AVX registers'
[    0.000000] x86/fpu: Enabled xstate features 0x7, context size is 1088 bytes, using 'standard' format.
[    0.000000] x86/fpu: Using 'lazy' FPU context switches.
[    0.000000] e820: BIOS-provided physical RAM map:
[    0.000000] BIOS-e820: [mem 0x0000000000000000-0x000000000009fbff] usable
[    0.000000] BIOS-e820: [mem 0x000000000009fc00-0x000000000009ffff] reserved
[    0.000000] BIOS-e820: [mem 0x00000000000f0000-0x00000000000fffff] reserved
[    0.000000] BIOS-e820: [mem 0x0000000000100000-0x000000003ffeffff] usable
[    0.000000] BIOS-e820: [mem 0x000000003fff0000-0x000000003fffffff] ACPI data
[    0.000000] BIOS-e820: [mem 0x00000000fec00000-0x00000000fec00fff] reserved
[    0.000000] BIOS-e820: [mem 0x00000000fee00000-0x00000000fee00fff] reserved
[    0.000000] BIOS-e820: [mem 0x00000000fffc0000-0x00000000ffffffff] reserved
[    0.000000] NX (Execute Disable) protection: active
[    0.000000] SMBIOS 2.5 present.
[    0.000000] Hypervisor detected: KVM
[    0.000000] e820: last_pfn = 0x3fff0 max_arch_pfn = 0x1000000
[    0.000000] MTRR: Disabled
[    0.000000] x86/PAT: MTRRs disabled, skipping PAT initialization too.
[    0.000000] x86/PAT: Configuration [0-7]: WB  WT  UC- UC  WB  WT  UC- UC  
[    0.000000] CPU MTRRs all blank - virtualized system.
[    0.000000] found SMP MP-table at [mem 0x0009fff0-0x0009ffff] mapped at [c009fff0]
[    0.000000] Scanning 1 areas for low memory corruption
[    0.000000] RAMDISK: [mem 0x3635c000-0x371a5fff]
[    0.000000] ACPI: Early table checksum verification disabled
[    0.000000] ACPI: RSDP 0x00000000000E0000 000024 (v02 VBOX  )
[    0.000000] ACPI: XSDT 0x000000003FFF0030 00003C (v01 VBOX   VBOXXSDT 00000001 ASL  00000061)
[    0.000000] ACPI: FACP 0x000000003FFF00F0 0000F4 (v04 VBOX   VBOXFACP 00000001 ASL  00000061)
[    0.000000] ACPI: DSDT 0x000000003FFF0470 0021C8 (v02 VBOX   VBOXBIOS 00000002 INTL 20100528)
[    0.000000] ACPI: FACS 0x000000003FFF0200 000040
[    0.000000] ACPI: FACS 0x000000003FFF0200 000040
[    0.000000] ACPI: APIC 0x000000003FFF0240 00005C (v02 VBOX   VBOXAPIC 00000001 ASL  00000061)
[    0.000000] ACPI: SSDT 0x000000003FFF02A0 0001CC (v01 VBOX   VBOXCPUT 00000002 INTL 20100528)
[    0.000000] 131MB HIGHMEM available.
[    0.000000] 891MB LOWMEM available.
[    0.000000]   mapped low ram: 0 - 37bfe000
[    0.000000]   low ram: 0 - 37bfe000
[    0.000000] kvm-clock: Using msrs 4b564d01 and 4b564d00
[    0.000000] kvm-clock: cpu 0, msr 0:37bfd001, primary cpu clock
[    0.000000] kvm-clock: using sched offset of 3876865825 cycles
[    0.000000] clocksource: kvm-clock: mask: 0xffffffffffffffff max_cycles: 0x1cd42e4dffb, max_idle_ns: 881590591483 ns
[    0.000000] Zone ranges:
[    0.000000]   DMA      [mem 0x0000000000001000-0x0000000000ffffff]
[    0.000000]   Normal   [mem 0x0000000001000000-0x0000000037bfdfff]
[    0.000000]   HighMem  [mem 0x0000000037bfe000-0x000000003ffeffff]
[    0.000000] Movable zone start for each node
[    0.000000] Early memory node ranges
[    0.000000]   node   0: [mem 0x0000000000001000-0x000000000009efff]
[    0.000000]   node   0: [mem 0x0000000000100000-0x000000003ffeffff]
[    0.000000] Initmem setup node 0 [mem 0x0000000000001000-0x000000003ffeffff]
[    0.000000] Using APIC driver default
[    0.000000] ACPI: PM-Timer IO Port: 0x4008
[    0.000000] IOAPIC[0]: apic_id 2, version 32, address 0xfec00000, GSI 0-23
[    0.000000] ACPI: INT_SRC_OVR (bus 0 bus_irq 0 global_irq 2 dfl dfl)
[    0.000000] ACPI: INT_SRC_OVR (bus 0 bus_irq 9 global_irq 9 high level)
[    0.000000] Using ACPI (MADT) for SMP configuration information
[    0.000000] smpboot: Allowing 2 CPUs, 0 hotplug CPUs
[    0.000000] PM: Registered nosave memory: [mem 0x00000000-0x00000fff]
[    0.000000] PM: Registered nosave memory: [mem 0x0009f000-0x0009ffff]
[    0.000000] PM: Registered nosave memory: [mem 0x000a0000-0x000effff]
[    0.000000] PM: Registered nosave memory: [mem 0x000f0000-0x000fffff]
[    0.000000] e820: [mem 0x40000000-0xfebfffff] available for PCI devices
[    0.000000] Booting paravirtualized kernel on KVM
[    0.000000] clocksource: refined-jiffies: mask: 0xffffffff max_cycles: 0xffffffff, max_idle_ns: 7645519600211568 ns
[    0.000000] setup_percpu: NR_CPUS:8 nr_cpumask_bits:8 nr_cpu_ids:2 nr_node_ids:1
[    0.000000] PERCPU: Embedded 19 pages/cpu @f71b0000 s47436 r0 d30388 u77824
[    0.000000] PV qspinlock hash table entries: 512 (order: 0, 4096 bytes)
[    0.000000] Built 1 zonelists in Zone order, mobility grouping on.  Total pages: 259800
[    0.000000] Kernel command line: BOOT_IMAGE=/boot/vmlinuz-4.4.0-78-generic root=UUID=4d086431-d7e7-4f46-b789-6155962b907a ro console=tty1 console=ttyS0
[    0.000000] PID hash table entries: 4096 (order: 2, 16384 bytes)
[    0.000000] Dentry cache hash table entries: 131072 (order: 7, 524288 bytes)
[    0.000000] Inode-cache hash table entries: 65536 (order: 6, 262144 bytes)
[    0.000000] Initializing CPU#0
[    0.000000] Initializing HighMem for node 0 (00037bfe:0003fff0)
[    0.000000] Initializing Movable for node 0 (00000000:00000000)
[    0.000000] Memory: 1008312K/1048120K available (7958K kernel code, 766K rwdata, 3164K rodata, 940K init, 800K bss, 39808K reserved, 0K cma-reserved, 135112K highmem)
[    0.000000] virtual kernel memory layout:
[    0.000000]     fixmap  : 0xfff15000 - 0xfffff000   ( 936 kB)
[    0.000000]     pkmap   : 0xffc00000 - 0xffe00000   (2048 kB)
[    0.000000]     vmalloc : 0xf83fe000 - 0xffbfe000   ( 120 MB)
[    0.000000]     lowmem  : 0xc0000000 - 0xf7bfe000   ( 891 MB)
[    0.000000]       .init : 0xc1b9f000 - 0xc1c8a000   ( 940 kB)
[    0.000000]       .data : 0xc17c5b8b - 0xc1b9db40   (3935 kB)
[    0.000000]       .text : 0xc1000000 - 0xc17c5b8b   (7958 kB)
[    0.000000] Checking if this processor honours the WP bit even in supervisor mode...Ok.
[    0.000000] SLUB: HWalign=64, Order=0-3, MinObjects=0, CPUs=2, Nodes=1
[    0.000000] Hierarchical RCU implementation.
[    0.000000] 	Build-time adjustment of leaf fanout to 32.
[    0.000000] 	RCU restricting CPUs from NR_CPUS=8 to nr_cpu_ids=2.
[    0.000000] RCU: Adjusting geometry for rcu_fanout_leaf=32, nr_cpu_ids=2
[    0.000000] NR_IRQS:2304 nr_irqs:440 16
[    0.000000] Console: colour VGA+ 80x25
[    0.000000] console [tty1] enabled
[    0.000000] console [ttyS0] enabled
[    0.000000] allocated 1048576 bytes of page_ext
[    0.000000] tsc: Detected 2711.994 MHz processor
[    1.903926] Calibrating delay loop (skipped) preset value.. 5423.98 BogoMIPS (lpj=10847976)
[    1.908750] pid_max: default: 32768 minimum: 301
[    1.909659] ACPI: Core revision 20150930
[    1.912033] ACPI: 2 ACPI AML tables successfully acquired and loaded
[    1.923270] Security Framework initialized
[    1.927578] Yama: becoming mindful.
[    1.948130] AppArmor: AppArmor initialized
[    1.962011] Mount-cache hash table entries: 2048 (order: 1, 8192 bytes)
[    1.964969] Mountpoint-cache hash table entries: 2048 (order: 1, 8192 bytes)
[    1.966557] Initializing cgroup subsys io
[    1.976996] Initializing cgroup subsys memory
[    1.986267] Initializing cgroup subsys devices
[    2.013765] Initializing cgroup subsys freezer
[    2.016419] Initializing cgroup subsys net_cls
[    2.017442] Initializing cgroup subsys perf_event
[    2.018501] Initializing cgroup subsys net_prio
[    2.019541] Initializing cgroup subsys hugetlb
[    2.020340] Initializing cgroup subsys pids
[    2.021190] CPU: Physical Processor ID: 0
[    2.021938] CPU: Processor Core ID: 0
[    2.024911] mce: CPU supports 0 MCE banks
[    2.035575] Last level iTLB entries: 4KB 64, 2MB 8, 4MB 8
[    2.038949] Last level dTLB entries: 4KB 64, 2MB 0, 4MB 0, 1GB 4
[    2.057329] Freeing SMP alternatives memory: 28K (c1c8a000 - c1c91000)
[    2.074192] ftrace: allocating 31402 entries in 62 pages
[    2.143195] smpboot: APIC(0) Converting physical 0 to logical package 0
[    2.151578] smpboot: Max logical packages: 1
[    2.152566] Enabling APIC mode:  Flat.  Using 1 I/O APICs
[    2.155245] ..TIMER: vector=0x30 apic1=0 pin1=2 apic2=-1 pin2=-1
[    2.299240] smpboot: CPU0: Intel(R) Core(TM) i5-7200U CPU @ 2.50GHz (family: 0x6, model: 0x8e, stepping: 0x9)
[    2.321887] Performance Events: unsupported p6 CPU model 142 no PMU driver, software events only.
[    2.326360] KVM setup paravirtual spinlock
[    2.348686] x86: Booting SMP configuration:
[    2.354108] .... node  #0, CPUs:      #1
[1266874885.832685] Initializing CPU#1
[    2.376264] kvm-clock: cpu 1, msr 0:37bfd041, secondary cpu clock
[    2.382147] mce: CPU supports 0 MCE banks
[    2.386865] x86: Booted up 1 node, 2 CPUs
[    2.400178] smpboot: Total of 2 processors activated (10847.97 BogoMIPS)
[    2.401694] devtmpfs: initialized
[    2.425108] evm: security.selinux
[    2.425762] evm: security.SMACK64
[    2.426424] evm: security.SMACK64EXEC
[    2.427140] evm: security.SMACK64TRANSMUTE
[    2.428022] evm: security.SMACK64MMAP
[    2.437036] evm: security.ima
[    2.437805] evm: security.capability
[    2.439009] clocksource: jiffies: mask: 0xffffffff max_cycles: 0xffffffff, max_idle_ns: 7645041785100000 ns
[    2.455078] futex hash table entries: 512 (order: 3, 32768 bytes)
[    2.468177] pinctrl core: initialized pinctrl subsystem
[    2.470602] RTC time: 19:25:35, date: 05/28/17
[    2.478339] NET: Registered protocol family 16
[    2.487790] EISA bus registered
[    2.506741] cpuidle: using governor ladder
[    2.527289] cpuidle: using governor menu
[    2.536170] PCCT header not found.
[    2.536957] ACPI: bus type PCI registered
[    2.537800] acpiphp: ACPI Hot Plug PCI Controller Driver version: 0.5
[    2.540539] PCI : PCI BIOS area is rw and x. Use pci=nobios if you want it NX.
[    2.542031] PCI: PCI BIOS revision 2.10 entry at 0xfda26, last bus=0
[    2.561635] PCI: Using configuration type 1 for base access
[    2.597492] ACPI: Added _OSI(Module Device)
[    2.610722] ACPI: Added _OSI(Processor Device)
[    2.612566] ACPI: Added _OSI(3.0 _SCP Extensions)
[    2.620709] ACPI: Added _OSI(Processor Aggregator Device)
[    2.622732] ACPI: Executed 1 blocks of module-level executable AML code
[    2.637506] ACPI: Interpreter enabled
[    2.641247] ACPI: (supports S0 S5)
[    2.643796] ACPI: Using IOAPIC for interrupt routing
[    2.655946] PCI: Using host bridge windows from ACPI; if necessary, use "pci=nocrs" and report a bug
[    2.665355] ACPI: PCI Root Bridge [PCI0] (domain 0000 [bus 00-ff])
[    2.666671] acpi PNP0A03:00: _OSC: OS supports [ASPM ClockPM Segments MSI]
[    2.674201] acpi PNP0A03:00: _OSC failed (AE_NOT_FOUND); disabling ASPM
[    2.688160] acpi PNP0A03:00: fail to add MMCONFIG information, can't access extended PCI configuration space under this bridge.
[    2.690480] PCI host bridge to bus 0000:00
[    2.693557] pci_bus 0000:00: root bus resource [io  0x0000-0x0cf7 window]
[    2.711866] pci_bus 0000:00: root bus resource [io  0x0d00-0xffff window]
[    2.725791] pci_bus 0000:00: root bus resource [mem 0x000a0000-0x000bffff window]
[    2.741942] pci_bus 0000:00: root bus resource [mem 0x40000000-0xffdfffff window]
[    2.743631] pci_bus 0000:00: root bus resource [bus 00-ff]
[    2.748908] pci 0000:00:01.1: legacy IDE quirk: reg 0x10: [io  0x01f0-0x01f7]
[    2.756844] pci 0000:00:01.1: legacy IDE quirk: reg 0x14: [io  0x03f6]
[    2.763462] pci 0000:00:01.1: legacy IDE quirk: reg 0x18: [io  0x0170-0x0177]
[    2.798511] pci 0000:00:01.1: legacy IDE quirk: reg 0x1c: [io  0x0376]
[    2.824253] pci 0000:00:07.0: quirk: [io  0x4000-0x403f] claimed by PIIX4 ACPI
[    2.856101] pci 0000:00:07.0: quirk: [io  0x4100-0x410f] claimed by PIIX4 SMB
[    2.869900] ACPI: PCI Interrupt Link [LNKA] (IRQs 5 9 10 *11)
[    2.897245] ACPI: PCI Interrupt Link [LNKB] (IRQs 5 9 10 *11)
[    2.900398] ACPI: PCI Interrupt Link [LNKC] (IRQs 5 9 *10 11)
[    2.902102] ACPI: PCI Interrupt Link [LNKD] (IRQs 5 *9 10 11)
[    2.908427] ACPI: Enabled 2 GPEs in block 00 to 07
[    2.909713] vgaarb: setting as boot device: PCI:0000:00:02.0
[    2.925113] vgaarb: device added: PCI:0000:00:02.0,decodes=io+mem,owns=io+mem,locks=none
[    2.930055] vgaarb: loaded
[    2.933887] vgaarb: bridge control possible 0000:00:02.0
[    2.935342] SCSI subsystem initialized
[    2.943568] ACPI: bus type USB registered
[    2.953761] usbcore: registered new interface driver usbfs
[    2.959869] usbcore: registered new interface driver hub
[    2.969364] usbcore: registered new device driver usb
[    2.994404] PCI: Using ACPI for IRQ routing
[    3.005506] NetLabel: Initializing
[    3.012868] NetLabel:  domain hash size = 128
[    3.024902] NetLabel:  protocols = UNLABELED CIPSOv4
[    3.025813] NetLabel:  unlabeled traffic allowed by default
[    3.026976] amd_nb: Cannot enumerate AMD northbridges
[    3.047068] clocksource: Switched to clocksource kvm-clock
[    3.065269] AppArmor: AppArmor Filesystem Enabled
[    3.076074] pnp: PnP ACPI init
[    3.086341] pnp: PnP ACPI: found 3 devices
[    3.087384] PnPBIOS: Disabled by ACPI PNP
[    3.135652] clocksource: acpi_pm: mask: 0xffffff max_cycles: 0xffffff, max_idle_ns: 2085701024 ns
[    3.143992] NET: Registered protocol family 2
[    3.163414] TCP established hash table entries: 8192 (order: 3, 32768 bytes)
[    3.213753] TCP bind hash table entries: 8192 (order: 4, 65536 bytes)
[    3.216294] TCP: Hash tables configured (established 8192 bind 8192)
[    3.223721] UDP hash table entries: 512 (order: 2, 16384 bytes)
[    3.225188] UDP-Lite hash table entries: 512 (order: 2, 16384 bytes)
[    3.238122] NET: Registered protocol family 1
[    3.239457] pci 0000:00:00.0: Limiting direct PCI/PCI transfers
[    3.248419] pci 0000:00:01.0: Activating ISA DMA hang workarounds
[    3.255025] Unpacking initramfs...
[    3.608225] Freeing initrd memory: 14632K (f635c000 - f71a6000)
[    3.616940] platform rtc_cmos: registered platform RTC device (no PNP device found)
[    3.620336] Scanning for low memory corruption every 60 seconds
[    3.623953] audit: initializing netlink subsys (disabled)
[    3.626657] audit: type=2000 audit(1495999538.874:1): initialized
[    3.648945] Initialise system trusted keyring
[    3.651221] HugeTLB registered 2 MB page size, pre-allocated 0 pages
[    3.657146] zbud: loaded
[    3.663250] VFS: Disk quotas dquot_6.6.0
[    3.667105] VFS: Dquot-cache hash table entries: 1024 (order 0, 4096 bytes)
[    3.670005] squashfs: version 4.0 (2009/01/31) Phillip Lougher
[    3.672940] fuse init (API version 7.23)
[    3.674947] Key type big_key registered
[    3.676921] Allocating IMA MOK and blacklist keyrings.
[    3.688201] Key type asymmetric registered
[    3.690951] Asymmetric key parser 'x509' registered
[    3.693865] bounce: pool size: 64 pages
[    3.696143] Block layer SCSI generic (bsg) driver version 0.4 loaded (major 249)
[    3.703760] io scheduler noop registered
[    3.706975] io scheduler deadline registered (default)
[    3.709198] io scheduler cfq registered
[    3.710029] pci_hotplug: PCI Hot Plug PCI Core version: 0.5
[    3.719557] pciehp: PCI Express Hot Plug Controller Driver version: 0.4
[    3.721979] ACPI: AC Adapter [AC] (on-line)
[    3.722825] input: Power Button as /devices/LNXSYSTM:00/LNXPWRBN:00/input/input0
[    3.726712] ACPI: Power Button [PWRF]
[    3.730377] input: Sleep Button as /devices/LNXSYSTM:00/LNXSLPBN:00/input/input1
[    3.734242] ACPI: Sleep Button [SLPF]
[    3.736019] GHES: HEST is not enabled!
[    3.739777] ACPI: Battery Slot [BAT0] (battery present)
[    3.754577] isapnp: Scanning for PnP cards...
[    3.754656] Serial: 8250/16550 driver, 32 ports, IRQ sharing enabled
[    3.780187] 00:02: ttyS0 at I/O 0x3f8 (irq = 4, base_baud = 115200) is a 16550A
[    3.789735] Linux agpgart interface v0.103
[    3.797017] loop: module loaded
[    3.803829] scsi host0: ata_piix
[    3.805923] scsi host1: ata_piix
[    3.806847] ata1: PATA max UDMA/33 cmd 0x1f0 ctl 0x3f6 bmdma 0xd000 irq 14
[    3.808294] ata2: PATA max UDMA/33 cmd 0x170 ctl 0x376 bmdma 0xd008 irq 15
[    3.809586] libphy: Fixed MDIO Bus: probed
[    3.810363] tun: Universal TUN/TAP device driver, 1.6
[    3.819896] tun: (C) 1999-2004 Max Krasnyansky <maxk@qualcomm.com>
[    3.821220] PPP generic driver version 2.4.2
[    3.823394] ehci_hcd: USB 2.0 'Enhanced' Host Controller (EHCI) Driver
[    3.824602] ehci-pci: EHCI PCI platform driver
[    3.825585] ehci-platform: EHCI generic platform driver
[    3.826647] ohci_hcd: USB 1.1 'Open' Host Controller (OHCI) Driver
[    3.833732] ohci-pci: OHCI PCI platform driver
[    3.838909] ohci-platform: OHCI generic platform driver
[    3.839858] uhci_hcd: USB Universal Host Controller Interface driver
[    3.843926] i8042: PNP: PS/2 Controller [PNP0303:PS2K,PNP0f03:PS2M] at 0x60,0x64 irq 1,12
[    3.863204] serio: i8042 KBD port at 0x60,0x64 irq 1
[    3.865583] serio: i8042 AUX port at 0x60,0x64 irq 12
[    3.869489] mousedev: PS/2 mouse device common for all mice
[    3.887459] input: AT Translated Set 2 keyboard as /devices/platform/i8042/serio0/input/input2
[    3.906710] rtc_cmos rtc_cmos: rtc core: registered rtc_cmos as rtc0
[    3.909547] rtc_cmos rtc_cmos: alarms up to one day, 114 bytes nvram
[    3.910839] i2c /dev entries driver
[    3.920095] device-mapper: uevent: version 1.0.3
[    3.941512] device-mapper: ioctl: 4.34.0-ioctl (2015-10-28) initialised: dm-devel@redhat.com
[    3.950065] platform eisa.0: Probing EISA bus 0
[    3.950927] platform eisa.0: EISA: Cannot allocate resource for mainboard
[    3.952069] platform eisa.0: Cannot allocate resource for EISA slot 1
[    3.953807] platform eisa.0: Cannot allocate resource for EISA slot 2
[    3.979179] platform eisa.0: Cannot allocate resource for EISA slot 3
[    3.996420] platform eisa.0: Cannot allocate resource for EISA slot 4
[    4.017651] platform eisa.0: Cannot allocate resource for EISA slot 5
[    4.018764] platform eisa.0: Cannot allocate resource for EISA slot 6
[    4.019863] platform eisa.0: Cannot allocate resource for EISA slot 7
[    4.022138] platform eisa.0: Cannot allocate resource for EISA slot 8
[    4.023456] platform eisa.0: EISA: Detected 0 cards
[    4.024555] cpufreq-nforce2: No nForce2 chipset.
[    4.025532] ledtrig-cpu: registered to indicate activity on CPUs
[    4.027995] NET: Registered protocol family 10
[    4.035455] NET: Registered protocol family 17
[    4.053241] Key type dns_resolver registered
[    4.064665] microcode: CPU0 sig=0x806e9, pf=0x8, revision=0x0
[    4.067428] microcode: CPU1 sig=0x806e9, pf=0x8, revision=0x0
[    4.068476] microcode: Microcode Update Driver: v2.01 <tigran@aivazian.fsnet.co.uk>, Peter Oruba
[    4.076904] Using IPI No-Shortcut mode
[    4.082453] registered taskstats version 1
[    4.083348] Loading compiled-in X.509 certificates
[    4.086638] Loaded X.509 cert 'Build time autogenerated kernel key: 7f7b4bf893129cf83296a565b7f3c803766a0f60'
[    4.089857] zswap: loaded using pool lzo/zbud
[    4.093454] Key type trusted registered
[    4.104394] Key type encrypted registered
[    4.122930] AppArmor: AppArmor sha1 policy hashing enabled
[    4.123955] ima: No TPM chip found, activating TPM-bypass!
[    4.124916] evm: HMAC attrs: 0x1
[    4.125950]   Magic number: 1:489:446
[    4.133527] rtc_cmos rtc_cmos: setting system clock to 2017-05-28 19:25:37 UTC (1495999537)
[    4.139809] BIOS EDD facility v0.16 2004-Jun-25, 0 devices found
[    4.142556] EDD information not available.
[    4.187540] isapnp: No Plug & Play device found
[    4.217534] Freeing unused kernel memory: 940K (c1b9f000 - c1c8a000)
[    4.220388] Write protecting the kernel text: 7960k
[    4.230719] Write protecting the kernel read-only data: 3168k
[    4.231738] NX-protecting the kernel data: 6376k
Loading, please wait...
starting version[    4.251048] random: systemd-udevd: uninitialized urandom read (16 bytes read, 0 bits of entropy available)
 229
[    4.255470] random: udevadm: uninitialized urandom read (16 bytes read, 0 bits of entropy available)
[    4.255527] random: udevadm: uninitialized urandom read (16 bytes read, 0 bits of entropy available)
[    4.255715] random: udevadm: uninitialized urandom read (16 bytes read, 0 bits of entropy available)
[    4.255818] random: udevadm: uninitialized urandom read (16 bytes read, 0 bits of entropy available)
[    4.255886] random: udevadm: uninitialized urandom read (16 bytes read, 0 bits of entropy available)
[    4.255961] random: udevadm: uninitialized urandom read (16 bytes read, 0 bits of entropy available)
[    4.256047] random: udevadm: uninitialized urandom read (16 bytes read, 0 bits of entropy available)
[    4.256120] random: udevadm: uninitialized urandom read (16 bytes read, 0 bits of entropy available)
[    4.256196] random: udevadm: uninitialized urandom read (16 bytes read, 0 bits of entropy available)
[    4.384657] e1000: Intel(R) PRO/1000 Network Driver - version 7.3.21-k8-NAPI
[    4.387412] e1000: Copyright (c) 1999-2006 Intel Corporation.
[    4.404958] Fusion MPT base driver 3.04.20
[    4.421111] Copyright (c) 1999-2008 LSI Corporation
[    4.502405] Fusion MPT SPI Host driver 3.04.20
[    4.616594] tsc: Refined TSC clocksource calibration: 2713.036 MHz
[    4.625916] clocksource: tsc: mask: 0xffffffffffffffff max_cycles: 0x271b592c35e, max_idle_ns: 440795342104 ns
[    4.633121] input: ImExPS/2 Generic Explorer Mouse as /devices/platform/i8042/serio1/input/input4
[    4.900415] e1000 0000:00:03.0 eth0: (PCI:33MHz:32-bit) 02:ea:b3:c0:0c:39
[    4.913370] e1000 0000:00:03.0 eth0: Intel(R) PRO/1000 Network Connection
[    4.924740] mptbase: ioc0: Initiating bringup
[    4.925130] e1000 0000:00:03.0 enp0s3: renamed from eth0
[    4.991393] ioc0: LSI53C1030 A0: Capabilities={Initiator}
[    5.172364] scsi host2: ioc0: LSI53C1030 A0, FwRev=00000000h, Ports=1, MaxQ=256, IRQ=20
[    5.291782] scsi 2:0:0:0: Direct-Access     VBOX     HARDDISK         1.0  PQ: 0 ANSI: 5
[    5.298240] scsi target2:0:0: Beginning Domain Validation
[    5.301865] scsi target2:0:0: Domain Validation skipping write tests
[    5.306306] scsi target2:0:0: Ending Domain Validation
[    5.311738] scsi target2:0:0: asynchronous
[    5.323569] scsi 2:0:1:0: Direct-Access     VBOX     HARDDISK         1.0  PQ: 0 ANSI: 5
[    5.328765] scsi target2:0:1: Beginning Domain Validation
[    5.334391] scsi target2:0:1: Domain Validation skipping write tests
[    5.337353] scsi target2:0:1: Ending Domain Validation
[    5.338573] scsi target2:0:1: asynchronous
[    5.349788] sd 2:0:0:0: [sda] 20971520 512-byte logical blocks: (10.7 GB/10.0 GiB)
[    5.351485] sd 2:0:0:0: [sda] Write Protect is off
[    5.355770] sd 2:0:0:0: [sda] Incomplete mode parameter data
[    5.358512] sd 2:0:0:0: [sda] Assuming drive cache: write through
[    5.368298] sd 2:0:0:0: Attached scsi generic sg0 type 0
[    5.370516] sd 2:0:1:0: [sdb] 20480 512-byte logical blocks: (10.5 MB/10.0 MiB)
[    5.370598] sd 2:0:1:0: Attached scsi generic sg1 type 0
[    5.411018] sd 2:0:1:0: [sdb] Write Protect is off
[    5.419385] sd 2:0:1:0: [sdb] Incomplete mode parameter data
[    5.424988] sd 2:0:1:0: [sdb] Assuming drive cache: write through
[    5.455150]  sda: sda1
[    5.457507] sd 2:0:0:0: [sda] Attached SCSI disk
[    5.465973] sd 2:0:1:0: [sdb] Attached SCSI disk
[    7.428360] floppy0: no floppy controllers found
Begin: Loading essential drivers ... [    8.862635] md: linear personality registered for level -1
[    8.875055] md: multipath personality registered for level -4
[    8.915064] md: raid0 personality registered for level 0
[    8.934482] md: raid1 personality registered for level 1
[    9.015538] raid6: mmxx1    gen()  4236 MB/s
[    9.095363] raid6: mmxx2    gen()  3578 MB/s
[    9.163501] raid6: sse1x1   gen()  3234 MB/s
[    9.247128] raid6: sse1x2   gen()  3300 MB/s
[    9.335365] raid6: sse2x1   gen()  7732 MB/s
[    9.415545] raid6: sse2x1   xor()  4317 MB/s
[    9.511555] raid6: sse2x2   gen()  8558 MB/s
[    9.583084] raid6: sse2x2   xor()  4980 MB/s
[    9.616863] raid6: using algorithm sse2x2 gen() 8558 MB/s
[    9.629023] raid6: .... xor() 4980 MB/s, rmw enabled
[    9.630528] raid6: using ssse3x1 recovery algorithm
[    9.635708] xor: automatically using best checksumming function:
[    9.687275]    avx       : 16157.000 MB/sec
[    9.693126] async_tx: api initialized (async)
[    9.717599] md: raid6 personality registered for level 6
[    9.734563] md: raid5 personality registered for level 5
[    9.738146] md: raid4 personality registered for level 4
[    9.754836] md: raid10 personality registered for level 10
done.
Begin: Running /scripts/init-premount ... done.
Begin: Mounting root file system ... Begin: Running /scripts/local-top ... done.
Begin: Running /scripts/local-premount ... [    9.832115] Btrfs loaded
Scanning for Btrfs filesystems
done.
Warning: fsck not present, so sk[    9.935772] EXT4-fs (sda1): INFO: recovery required on readonly filesystem
ipping root file system
[    9.948189] EXT4-fs (sda1): write access will be enabled during recovery
[   10.115262] EXT4-fs (sda1): recovery complete
[   10.118671] EXT4-fs (sda1): mounted filesystem with ordered data mode. Opts: (null)
done.
Begin: Running /scripts/local-bottom ... done.
Begin: Running /scripts/init-bottom ... done.
[   10.514818] random: nonblocking pool is initialized
[   10.980372] systemd[1]: systemd 229 running in system mode. (+PAM +AUDIT +SELINUX +IMA +APPARMOR +SMACK +SYSVINIT +UTMP +LIBCRYPTSETUP +GCRYPT +GNUTLS +ACL +XZ -LZ4 +SECCOMP +BLKID +ELFUTILS +KMOD -IDN)
[   11.016246] systemd[1]: Detected virtualization oracle.
[   11.026681] systemd[1]: Detected architecture x86.

Welcome to [1mUbuntu 16.04.2 LTS[0m!

[   11.068892] systemd[1]: Set hostname to <ubuntu-xenial>.
[   12.248130] systemd[1]: Listening on Journal Socket (/dev/log).
[[0;32m  OK  [0m] Listening on Journal Socket (/dev/log).
[   12.267641] systemd[1]: Created slice User and Session Slice.
[[0;32m  OK  [0m] Created slice User and Session Slice.
[   12.314759] systemd[1]: Listening on LVM2 metadata daemon socket.
[[0;32m  OK  [0m] Listening on LVM2 metadata daemon socket.
[   12.351035] systemd[1]: Listening on /dev/initctl Compatibility Named Pipe.
[[0;32m  OK  [0m] Listening on /dev/initctl Compatibility Named Pipe.
[   12.368084] systemd[1]: Created slice System Slice.
[[0;32m  OK  [0m] Created slice System Slice.
[   12.406045] systemd[1]: Created slice system-postgresql.slice.
[[0;32m  OK  [0m] Created slice system-postgresql.slice.
[   12.450541] systemd[1]: Listening on Device-mapper event daemon FIFOs.
[[0;32m  OK  [0m] Listening on Device-mapper event daemon FIFOs.
[   12.503524] systemd[1]: Listening on Syslog Socket.
[[0;32m  OK  [0m] Listening on Syslog Socket.
[   12.537352] systemd[1]: Started Forward Password Requests to Wall Directory Watch.
[[0;32m  OK  [0m] Started Forward Password Requests to Wall Directory Watch.
[   12.579043] systemd[1]: Reached target Slices.
[[0;32m  OK  [0m] Reached target Slices.
[   12.616197] systemd[1]: Created slice system-serial\x2dgetty.slice.
[[0;32m  OK  [0m] Created slice system-serial\x2dgetty.slice.
[   12.650411] systemd[1]: Reached target Encrypted Volumes.
[[0;32m  OK  [0m] Reached target Encrypted Volumes.
[   12.682564] systemd[1]: Listening on udev Control Socket.
[[0;32m  OK  [0m] Listening on udev Control Socket.
[   12.755296] systemd[1]: Listening on udev Kernel Socket.
[[0;32m  OK  [0m] Listening on udev Kernel Socket.
[   12.762315] systemd[1]: Reached target User and Group Name Lookups.
[[0;32m  OK  [0m] Reached target User and Group Name Lookups.
[   12.768335] systemd[1]: Listening on Journal Socket.
[[0;32m  OK  [0m] Listening on Journal Socket.
[   12.811748] systemd[1]: Mounting Huge Pages File System...
         Mounting Huge Pages File System...
[   12.835722] systemd[1]: Starting Monitoring of LVM2 mirrors, snapshots etc. using dmeventd or progress polling...
         Starting Monitoring of LVM2 mirrors... dmeventd or progress polling...
[   12.851315] systemd[1]: Starting Remount Root and Kernel File Systems...
         Starting Remount Root and Kernel File Systems...
[   12.896048] systemd[1]: Mounting POSIX Message Queue File System...
         Mounting POSIX Message Queue File System...
[   12.956654] EXT4-fs (sda1): re-mounted. Opts: (null)
[   12.991360] systemd[1]: Starting Load Kernel Modules...
         Starting Load Kernel Modules...
[   13.067516] systemd[1]: Starting Set console keymap...
         Starting Set console keymap...
[   13.088329] systemd[1]: Mounting Debug File System...
         Mounting Debug File System...
[   13.120474] systemd[1]: Starting Uncomplicated firewall...
[   13.148430] Loading iSCSI transport class v2.0-870.
         Starting Uncomplicated firewall...
[   13.183331] systemd[1]: Starting Create list of required static device nodes for the current kernel...
         Starting Create list of required st... nodes for the current kernel...
[   13.215880] systemd[1]: Starting Nameserver information manager...
         Starting Nameserver information manager...
[   13.253193] systemd[1]: Listening on Journal Audit Socket.
[[0;32m  OK  [0m] Listening on Journal Audit Socket.
[   13.279638] systemd[1]: Starting Journal Service...
         Starting Journal Service...
[   13.297266] systemd[1]: Reached target Swap.
[[0;32m  OK  [0m] Reached targ[   13.300070] iscsi: registered transport (tcp)
et Swap.
[   13.315331] systemd[1]: Listening on LVM2 poll daemon socket.
[[0;32m  OK  [0m] Listening on LVM2 poll daemon socket.
[   13.369180] systemd[1]: Set up automount Arbitrary Executable File Formats File System Automount Point.
[[0;32m  OK  [0m] Set up automount Arbitrary Executab...ats File System Automount Point.
[   13.465378] systemd[1]: Mounted Huge Pages File System.
[[0;32m  OK  [0m] Mounted Huge Pages File System.
[   13.476981] systemd[1]: Mounted POSIX Message Queue File System.
[[0;32m  OK  [0m] Mounted POSIX Message Queue File System.
[   13.488160] systemd[1]: Mounted Debug File System.
[[0;32m  OK  [0m] Mounted Debug File System.
[   13.503915] systemd[1]: Started Remount Root and Kernel File Systems.
[[0;32m  OK  [0m] Started Remount Root and Kernel File Systems.
[   13.534515] systemd[1]: Started Set console keymap.
[[0;32m  OK  [0m] Started Set console keymap.
[   13.546964] iscsi: registered transport (iser)
[   13.547092] systemd[1]: Started Uncomplicated firewall.
[[0;32m  OK  [0m] Started Uncomplicated firewall.
[   13.569587] systemd[1]: Started Load Kernel Modules.
[[0;32m  OK  [0m] Started Load Kernel Modules.
[   13.583855] systemd[1]: Started Create list of required static device nodes for the current kernel.
[[0;32m  OK  [0m] Started Create list of required sta...ce nodes for the current kernel.
[   13.612650] systemd[1]: Started Journal Service.
[[0;32m  OK  [0m] Started Journal Service.
[[0;32m  OK  [0m] Started Nameserver information manager.
[[0;32m  OK  [0m] Started LVM2 metadata daemon.
         Starting Create Static Device Nodes in /dev...
         Mounting FUSE Control File System...
         Starting Apply Kernel Variables...
         Starting Load/Save Random Seed...
         Starting Flush Journal to Persistent Storage...
         Starting Initial cloud-init job (pre-networking)...
         Starting udev Coldplug all Devices...
[[0;32m  OK  [0m] Mounted FUSE Control File System.
[[0;32m  OK  [0m] Started Load/Save Random Seed.
[   13.981482] systemd-journald[401]: Received request to flush runtime journal from PID 1
[[0;32m  OK  [0m] Started Apply Kernel Variables.
[[0;32m  OK  [0m] Started Flush Journal to Persistent Storage.
[[0;32m  OK  [0m] Started udev Coldplug all Devices.
[[0;32m  OK  [0m] Started Create Static Device Nodes in /dev.
[[0;32m  OK  [0m] Started Monitoring of LVM2 mirrors,...ng dmeventd or progress polling.
         Starting udev Kernel Device Manager...
[[0;32m  OK  [0m] Started udev Kernel Device Manager.
[[0;32m  OK  [0m] Reached target Local File Systems (Pre).
[[0;32m  OK  [0m] Reached target Local File Systems.
         Starting Set console font and keymap...
         Starting Tell Plymouth To Write Out Runtime Data...
         Starting LSB: AppArmor initialization...
         Starting Create Volatile Files and Directories...
[[0;32m  OK  [0m] Started Dispatch Password Requests to Console Directory Watch.
[[0;32m  OK  [0m] Started Create Volatile Files and Directories.
[[0;32m  OK  [0m] Started Tell Plymouth To Write Out Runtime Data.
[[0;32m  OK  [0m] Reached target System Time Synchronized.
         Starting Update UTMP about System Boot/Shutdown...
[[0;32m  OK  [0m] Found device /dev/ttyS0.
[[0;32m  OK  [0m] Started Update UTMP about System Boot/Shutdown.
[[0;32m  OK  [0m] Started Set console font and keymap.
[[0;32m  OK  [0m] Created slice system-getty.slice.
[[0;32m  OK  [0m] Found device 82540EM Gigabit Ethern...r (PRO/1000 MT Desktop Adapter).
[[0;32m  OK  [0m] Listening on Load/Save RF Kill Switch Status /dev/rfkill Watch.
[[0;32m  OK  [0m] Started LSB: AppArmor initialization.
[   17.320086] cloud-init[444]: Cloud-init v. 0.7.9 running 'init-local' at Sun, 28 May 2017 19:25:52 +0000. Up 16.59 seconds.
[[0;32m  OK  [0m] Started Initial cloud-init job (pre-networking).
[[0;32m  OK  [0m] Reached target Network (Pre).
[[0;32m  OK  [0m] Started ifup for enp0s3.
         Starting Raise network interfaces...
[[0;32m  OK  [0m] Started Raise network interfaces.
[[0;32m  OK  [0m] Reached target Network.
         Starting Initial cloud-init job (metadata service crawler)...
[   19.068741] cloud-init[962]: Cloud-init v. 0.7.9 running 'init' at Sun, 28 May 2017 19:25:54 +0000. Up 18.40 seconds.
[   19.088131] cloud-init[962]: ci-info: +++++++++++++++++++++++++++++++++++++Net device info+++++++++++++++++++++++++++++++++++++
[   19.094933] cloud-init[962]: ci-info: +--------+------+---------------------------+---------------+-------+-------------------+
[   19.148820] [cloud-init[0;32m  OK  [0m[962]: ] ci-info: | Device |  Up  |          Address          |      Mask     | Scope |     Hw-Address    |Started Initial cloud-init job (metadata service crawler).

[   19.149131] cloud-init[962]: ci-info: +--------+------+---------------------------+---------------+-------+-------------------+
[   19.191830] [cloud-init[0;32m  OK  [0m[962]: ] ci-info: |   lo   | True |         127.0.0.1         |   255.0.0.0   |   .   |         .         |Reached target Cloud-config availability.

[   19.192405] [cloud-init[0;32m  OK  [0m[962]: ] ci-info: |   lo   | True |          ::1/128          |       .       |  host |         .         |Reached target System Initialization.

[   19.204816] cloud-init[962]: ci-info: | enp0s3 | True |         10.0.2.15         | 255.255.255.0 |   .   | 02:ea:b3:c0:0c:39 |
[   19.245001] cloud-init[962]: ci-info: | enp0s3 | True | fe80::ea:b3ff:fec0:c39/64 |       .       |  link | 02:ea:b3:c0:0c:39 |
[   19.253941] [[0;32m  OK  [0m] Started Daily apt activities.
cloud-init[962]: ci-info: +--------+------+---------------------------+---------------+-------+-------------------+
[   19.267071] [cloud-init[0;32m  OK  [0m[962]: ] ci-info: +++++++++++++++++++++++++++Route IPv4 info++++++++++++++++++++++++++++Started ACPI Events Check.

[[0;32m  OK  [0m] Started Daily Cleanup of Temporary Directories.
[   19.267474] cloud-init[962]: ci-info: +-------+-------------+----------+---------------+-----------+-------+
[   19.300613]          cloud-initStarting LXD - unix socket.[962]: 
ci-info: | Route | Destination | Gateway  |    Genmask    | Interface | Flags |
[   19.311844] cloud-init[962]: ci-info: +-------+-------------+----------+---------------+-----------+-------+
         Starting Socket activation for snappy daemon.
[   19.312341] [cloud-init[0;32m  OK  [0m[962]: ] ci-info: |   0   |   0.0.0.0   | 10.0.2.2 |    0.0.0.0    |   enp0s3  |   UG  |Started Timer to automatically refresh installed snaps.

[   19.351577] [cloud-init[0;32m  OK  [0m[962]: ] ci-info: |   1   |   10.0.2.0  | 0.0.0.0  | 255.255.255.0 |   enp0s3  |   U   |Reached target Timers.

[[0;32m  OK  [0m] Listening on ACPID Listen Socket.
[[0;32m  OK  [0m] Started Trigger resolvconf update for networkd DNS.
[   19.351957] cloud-init[962]: ci-info: +-------+-------------+----------+---------------+-----------+-------+
[[0;32m  OK  [0m] Reached target Paths.
[[0;32m  OK  [0m] Listening on D-Bus System Message Bus Socket.
[[0;32m  OK  [0m] Listening on UUID daemon activation socket.
[[0;32m  OK  [0m] Reached target Network is Online.
         Starting iSCSI initiator daemon (iscsid)...
[[0;32m  OK  [0m] Listening on LXD - unix socket.
[[0;32m  OK  [0m] Listening on Socket activation for snappy daemon.
[[0;32m  OK  [0m] Reached target Sockets.
[[0;32m  OK  [0m] Reached target Basic System.
[[0;32m  OK  [0m] Started Snappy daemon.
[[0;32m  OK  [0m] Started Deferred execution scheduler.
[[0;32m  OK  [0m] Started D-Bus System Message Bus.
         Starting Daily apt activities...
         Starting Auto import assertions from block devices...
         Starting Accounts Service...
[[0;32m  OK  [0m] Started Regular background program processing daemon.
[[0;32m  OK  [0m] Started ACPI event daemon.
         Starting /etc/rc.local Compatibility...
         Starting OpenBSD Secure Shell server...
         Starting Apply the settings specified in cloud-config...
         Starting PostgreSQL Cluster 9.5-main...
         Starting Login Service...
         Starting System Logging Service...
         Starting LSB: Record successful boot for GRUB...
         Starting LSB: MD monitoring daemon...
[[0;32m  OK  [0m] Started FUSE filesystem for LXC.
         Starting LXD - container startup/shutdown...
[[0;32m  OK  [0m] Started iSCSI initiator daemon (iscsid).
[[0;32m  OK  [0m] Started Auto import assertions from block devices.
[[0;32m  OK  [0m] Started /etc/rc.local Compatibility.
         Starting Login to default iSCSI targets...
[[0;32m  OK  [0m] Started Login Service.
[[0;32m  OK  [0m] Started System Logging Service.
[[0;32m  OK  [0m] Started Login to default iSCSI targets.
[[0;32m  OK  [0m] Reached target Remote File Systems (Pre).
[[0;32m  OK  [0m] Reached target Remote File Systems.
         Starting LSB: automatic crash report generation...
         Starting LSB: daemon to balance interrupts for SMP systems...
         Starting LSB: VirtualBox Linux Additions...
         Starting Permit User Sessions...
         Starting LSB: Set the CPU Frequency Scaling governor to "ondemand"...
         Starting LSB: Start/stop sysstat's sadc...
[[0;32m  OK  [0m] Started Permit User Sessions.
[[0;32m  OK  [0m] Started LSB: Record successful boot for GRUB.
         Starting Hold until boot process finishes up...
         Starting Terminate Plymouth Boot Screen...
[[0;32m  OK  [0m] Started LSB: Set the CPU Frequency Scaling governor to "ondemand".
[[0;32m  OK  [0m] Started LSB: Start/stop sysstat's sadc.
[[0;32m  OK  [0m] Started Hold until boot process finishes up.
[[0;32m  OK  [0m] Started Terminate Plymouth Boot Screen.
[[0;32m  OK  [0m] Started LSB: MD monitoring daemon.
[[0;32m  OK  [0m] Started Getty on tty1.
[[0;32m  OK  [0m] Started Serial Getty on ttyS0.
[[0;32m  OK  [0m] Reached target Login Prompts.
         Starting Set console scheme...
[[0;32m  OK  [0m] Started LSB: daemon to balance interrupts for SMP systems.
[[0;32m  OK  [0m] Started Set console scheme.
[[0;32m  OK  [0m] Started LSB: automatic crash report generation.
[[0;32m  OK  [0m] Started OpenBSD Secure Shell server.
[   21.679842] cloud-init[1052]: Cloud-init v. 0.7.9 running 'modules:config' at Sun, 28 May 2017 19:25:57 +0000. Up 21.06 seconds.
[[0;32m  OK  [0m] Started Apply the settings specified in cloud-config.
         Starting Authenticate and Authorize Users to Run Privileged Tasks...
[[0;32m  OK  [0m] Started LSB: VirtualBox Linux Additions.
[[0;32m  OK  [0m] Started Authenticate and Authorize Users to Run Privileged Tasks.
[[0;32m  OK  [0m] Started Accounts Service.
[[0;32m  OK  [0m] Started LXD - container startup/shutdown.

Ubuntu 16.04.2 LTS ubuntu-xenial ttyS0

ubuntu-xenial login: [   27.669465] cloud-init[1277]: Cloud-init v. 0.7.9 running 'modules:final' at Sun, 28 May 2017 19:26:03 +0000. Up 27.46 seconds.
[   27.669769] cloud-init[1277]: Cloud-init v. 0.7.9 finished at Sun, 28 May 2017 19:26:03 +0000. Datasource DataSourceNoCloud [seed=/dev/sdb][dsmode=net].  Up 27.66 seconds
